  Render.cpp
  Shapes.cpp
c:\users\perei\desktop\teste\glfw_viewports\helloglfw\shapes.h(7): warning C4305: 'inicializando': truncamento de 'double' para 'float'
c:\users\perei\desktop\teste\glfw_viewports\helloglfw\shapes.cpp(66): warning C4305: 'argumento': truncamento de 'double' para 'GLfloat'
c:\users\perei\desktop\teste\glfw_viewports\helloglfw\shapes.cpp(114): warning C4305: 'argumento': truncamento de 'double' para 'GLfloat'
c:\users\perei\desktop\teste\glfw_viewports\helloglfw\shapes.cpp(115): warning C4305: 'argumento': truncamento de 'double' para 'GLfloat'
c:\users\perei\desktop\teste\glfw_viewports\helloglfw\shapes.cpp(116): warning C4305: 'argumento': truncamento de 'double' para 'GLfloat'
c:\users\perei\desktop\teste\glfw_viewports\helloglfw\shapes.cpp(117): warning C4305: 'argumento': truncamento de 'double' para 'GLfloat'
c:\users\perei\desktop\teste\glfw_viewports\helloglfw\shapes.cpp(122): warning C4305: 'argumento': truncamento de 'double' para 'GLfloat'
c:\users\perei\desktop\teste\glfw_viewports\helloglfw\shapes.cpp(123): warning C4305: 'argumento': truncamento de 'double' para 'GLfloat'
c:\users\perei\desktop\teste\glfw_viewports\helloglfw\shapes.cpp(126): warning C4305: 'argumento': truncamento de 'double' para 'GLfloat'
c:\users\perei\desktop\teste\glfw_viewports\helloglfw\shapes.cpp(127): warning C4305: 'argumento': truncamento de 'double' para 'GLfloat'
c:\users\perei\desktop\teste\glfw_viewports\helloglfw\shapes.cpp(132): warning C4305: 'argumento': truncamento de 'double' para 'GLfloat'
c:\users\perei\desktop\teste\glfw_viewports\helloglfw\shapes.cpp(133): warning C4305: 'argumento': truncamento de 'double' para 'GLfloat'
c:\users\perei\desktop\teste\glfw_viewports\helloglfw\shapes.cpp(136): warning C4305: 'argumento': truncamento de 'double' para 'GLfloat'
c:\users\perei\desktop\teste\glfw_viewports\helloglfw\shapes.cpp(137): warning C4305: 'argumento': truncamento de 'double' para 'GLfloat'
c:\users\perei\desktop\teste\glfw_viewports\helloglfw\shapes.cpp(140): warning C4305: 'argumento': truncamento de 'double' para 'GLfloat'
c:\users\perei\desktop\teste\glfw_viewports\helloglfw\shapes.cpp(141): warning C4305: 'argumento': truncamento de 'double' para 'GLfloat'
c:\users\perei\desktop\teste\glfw_viewports\helloglfw\shapes.cpp(144): warning C4305: 'argumento': truncamento de 'double' para 'GLfloat'
c:\users\perei\desktop\teste\glfw_viewports\helloglfw\shapes.cpp(145): warning C4305: 'argumento': truncamento de 'double' para 'GLfloat'
c:\users\perei\desktop\teste\glfw_viewports\helloglfw\shapes.cpp(146): warning C4305: 'argumento': truncamento de 'double' para 'GLfloat'
c:\users\perei\desktop\teste\glfw_viewports\helloglfw\shapes.cpp(158): warning C4305: 'argumento': truncamento de 'double' para 'GLfloat'
c:\users\perei\desktop\teste\glfw_viewports\helloglfw\shapes.cpp(159): warning C4305: 'argumento': truncamento de 'double' para 'GLfloat'
c:\users\perei\desktop\teste\glfw_viewports\helloglfw\shapes.cpp(164): warning C4305: 'argumento': truncamento de 'double' para 'GLfloat'
c:\users\perei\desktop\teste\glfw_viewports\helloglfw\shapes.cpp(165): warning C4305: 'argumento': truncamento de 'double' para 'GLfloat'
c:\users\perei\desktop\teste\glfw_viewports\helloglfw\shapes.cpp(170): warning C4305: 'argumento': truncamento de 'double' para 'GLfloat'
c:\users\perei\desktop\teste\glfw_viewports\helloglfw\shapes.cpp(171): warning C4305: 'argumento': truncamento de 'double' para 'GLfloat'
c:\users\perei\desktop\teste\glfw_viewports\helloglfw\shapes.cpp(176): warning C4305: 'argumento': truncamento de 'double' para 'GLfloat'
c:\users\perei\desktop\teste\glfw_viewports\helloglfw\shapes.cpp(177): warning C4305: 'argumento': truncamento de 'double' para 'GLfloat'
c:\users\perei\desktop\teste\glfw_viewports\helloglfw\shapes.cpp(182): warning C4305: 'argumento': truncamento de 'double' para 'GLfloat'
c:\users\perei\desktop\teste\glfw_viewports\helloglfw\shapes.cpp(183): warning C4305: 'argumento': truncamento de 'double' para 'GLfloat'
c:\users\perei\desktop\teste\glfw_viewports\helloglfw\shapes.cpp(188): warning C4305: 'argumento': truncamento de 'double' para 'GLfloat'
c:\users\perei\desktop\teste\glfw_viewports\helloglfw\shapes.cpp(189): warning C4305: 'argumento': truncamento de 'double' para 'GLfloat'
c:\users\perei\desktop\teste\glfw_viewports\helloglfw\shapes.cpp(195): warning C4305: 'argumento': truncamento de 'double' para 'GLfloat'
c:\users\perei\desktop\teste\glfw_viewports\helloglfw\shapes.cpp(196): warning C4305: 'argumento': truncamento de 'double' para 'GLfloat'
c:\users\perei\desktop\teste\glfw_viewports\helloglfw\shapes.cpp(201): warning C4305: 'argumento': truncamento de 'double' para 'GLfloat'
c:\users\perei\desktop\teste\glfw_viewports\helloglfw\shapes.cpp(202): warning C4305: 'argumento': truncamento de 'double' para 'GLfloat'
c:\users\perei\desktop\teste\glfw_viewports\helloglfw\shapes.cpp(207): warning C4305: 'argumento': truncamento de 'double' para 'GLfloat'
c:\users\perei\desktop\teste\glfw_viewports\helloglfw\shapes.cpp(208): warning C4305: 'argumento': truncamento de 'double' para 'GLfloat'
c:\users\perei\desktop\teste\glfw_viewports\helloglfw\shapes.cpp(213): warning C4305: 'argumento': truncamento de 'double' para 'GLfloat'
c:\users\perei\desktop\teste\glfw_viewports\helloglfw\shapes.cpp(214): warning C4305: 'argumento': truncamento de 'double' para 'GLfloat'
c:\users\perei\desktop\teste\glfw_viewports\helloglfw\shapes.cpp(219): warning C4305: 'argumento': truncamento de 'double' para 'GLfloat'
c:\users\perei\desktop\teste\glfw_viewports\helloglfw\shapes.cpp(220): warning C4305: 'argumento': truncamento de 'double' para 'GLfloat'
c:\users\perei\desktop\teste\glfw_viewports\helloglfw\shapes.cpp(226): warning C4305: 'argumento': truncamento de 'double' para 'GLfloat'
c:\users\perei\desktop\teste\glfw_viewports\helloglfw\shapes.cpp(227): warning C4305: 'argumento': truncamento de 'double' para 'GLfloat'
c:\users\perei\desktop\teste\glfw_viewports\helloglfw\shapes.cpp(232): warning C4305: 'argumento': truncamento de 'double' para 'GLfloat'
c:\users\perei\desktop\teste\glfw_viewports\helloglfw\shapes.cpp(233): warning C4305: 'argumento': truncamento de 'double' para 'GLfloat'
c:\users\perei\desktop\teste\glfw_viewports\helloglfw\shapes.cpp(238): warning C4305: 'argumento': truncamento de 'double' para 'GLfloat'
c:\users\perei\desktop\teste\glfw_viewports\helloglfw\shapes.cpp(239): warning C4305: 'argumento': truncamento de 'double' para 'GLfloat'
c:\users\perei\desktop\teste\glfw_viewports\helloglfw\shapes.cpp(244): warning C4305: 'argumento': truncamento de 'double' para 'GLfloat'
c:\users\perei\desktop\teste\glfw_viewports\helloglfw\shapes.cpp(245): warning C4305: 'argumento': truncamento de 'double' para 'GLfloat'
c:\users\perei\desktop\teste\glfw_viewports\helloglfw\shapes.cpp(250): warning C4305: 'argumento': truncamento de 'double' para 'GLfloat'
c:\users\perei\desktop\teste\glfw_viewports\helloglfw\shapes.cpp(251): warning C4305: 'argumento': truncamento de 'double' para 'GLfloat'
c:\users\perei\desktop\teste\glfw_viewports\helloglfw\shapes.cpp(257): warning C4305: 'argumento': truncamento de 'double' para 'GLfloat'
c:\users\perei\desktop\teste\glfw_viewports\helloglfw\shapes.cpp(258): warning C4305: 'argumento': truncamento de 'double' para 'GLfloat'
c:\users\perei\desktop\teste\glfw_viewports\helloglfw\shapes.cpp(263): warning C4305: 'argumento': truncamento de 'double' para 'GLfloat'
c:\users\perei\desktop\teste\glfw_viewports\helloglfw\shapes.cpp(264): warning C4305: 'argumento': truncamento de 'double' para 'GLfloat'
c:\users\perei\desktop\teste\glfw_viewports\helloglfw\shapes.cpp(269): warning C4305: 'argumento': truncamento de 'double' para 'GLfloat'
c:\users\perei\desktop\teste\glfw_viewports\helloglfw\shapes.cpp(270): warning C4305: 'argumento': truncamento de 'double' para 'GLfloat'
c:\users\perei\desktop\teste\glfw_viewports\helloglfw\shapes.cpp(275): warning C4305: 'argumento': truncamento de 'double' para 'GLfloat'
c:\users\perei\desktop\teste\glfw_viewports\helloglfw\shapes.cpp(276): warning C4305: 'argumento': truncamento de 'double' para 'GLfloat'
c:\users\perei\desktop\teste\glfw_viewports\helloglfw\shapes.cpp(280): warning C4305: 'argumento': truncamento de 'double' para 'GLfloat'
c:\users\perei\desktop\teste\glfw_viewports\helloglfw\shapes.cpp(281): warning C4305: 'argumento': truncamento de 'double' para 'GLfloat'
c:\users\perei\desktop\teste\glfw_viewports\helloglfw\shapes.cpp(289): warning C4305: 'argumento': truncamento de 'double' para 'GLfloat'
c:\users\perei\desktop\teste\glfw_viewports\helloglfw\shapes.cpp(290): warning C4305: 'argumento': truncamento de 'double' para 'GLfloat'
c:\users\perei\desktop\teste\glfw_viewports\helloglfw\shapes.cpp(295): warning C4305: 'argumento': truncamento de 'double' para 'GLfloat'
c:\users\perei\desktop\teste\glfw_viewports\helloglfw\shapes.cpp(296): warning C4305: 'argumento': truncamento de 'double' para 'GLfloat'
c:\users\perei\desktop\teste\glfw_viewports\helloglfw\shapes.cpp(301): warning C4305: 'argumento': truncamento de 'double' para 'GLfloat'
c:\users\perei\desktop\teste\glfw_viewports\helloglfw\shapes.cpp(302): warning C4305: 'argumento': truncamento de 'double' para 'GLfloat'
c:\users\perei\desktop\teste\glfw_viewports\helloglfw\shapes.cpp(307): warning C4305: 'argumento': truncamento de 'double' para 'GLfloat'
c:\users\perei\desktop\teste\glfw_viewports\helloglfw\shapes.cpp(308): warning C4305: 'argumento': truncamento de 'double' para 'GLfloat'
c:\users\perei\desktop\teste\glfw_viewports\helloglfw\shapes.cpp(313): warning C4305: 'argumento': truncamento de 'double' para 'GLfloat'
c:\users\perei\desktop\teste\glfw_viewports\helloglfw\shapes.cpp(314): warning C4305: 'argumento': truncamento de 'double' para 'GLfloat'
c:\users\perei\desktop\teste\glfw_viewports\helloglfw\shapes.cpp(319): warning C4305: 'argumento': truncamento de 'double' para 'GLfloat'
c:\users\perei\desktop\teste\glfw_viewports\helloglfw\shapes.cpp(320): warning C4305: 'argumento': truncamento de 'double' para 'GLfloat'
c:\users\perei\desktop\teste\glfw_viewports\helloglfw\shapes.cpp(327): warning C4305: 'argumento': truncamento de 'double' para 'GLfloat'
c:\users\perei\desktop\teste\glfw_viewports\helloglfw\shapes.cpp(328): warning C4305: 'argumento': truncamento de 'double' para 'GLfloat'
c:\users\perei\desktop\teste\glfw_viewports\helloglfw\shapes.cpp(333): warning C4305: 'argumento': truncamento de 'double' para 'GLfloat'
c:\users\perei\desktop\teste\glfw_viewports\helloglfw\shapes.cpp(334): warning C4305: 'argumento': truncamento de 'double' para 'GLfloat'
c:\users\perei\desktop\teste\glfw_viewports\helloglfw\shapes.cpp(339): warning C4305: 'argumento': truncamento de 'double' para 'GLfloat'
c:\users\perei\desktop\teste\glfw_viewports\helloglfw\shapes.cpp(340): warning C4305: 'argumento': truncamento de 'double' para 'GLfloat'
c:\users\perei\desktop\teste\glfw_viewports\helloglfw\shapes.cpp(352): warning C4305: 'argumento': truncamento de 'double' para 'GLfloat'
c:\users\perei\desktop\teste\glfw_viewports\helloglfw\shapes.cpp(353): warning C4305: 'argumento': truncamento de 'double' para 'GLfloat'
c:\users\perei\desktop\teste\glfw_viewports\helloglfw\shapes.cpp(356): warning C4305: 'argumento': truncamento de 'double' para 'GLfloat'
c:\users\perei\desktop\teste\glfw_viewports\helloglfw\shapes.cpp(357): warning C4305: 'argumento': truncamento de 'double' para 'GLfloat'
c:\users\perei\desktop\teste\glfw_viewports\helloglfw\shapes.cpp(362): warning C4305: 'argumento': truncamento de 'double' para 'GLfloat'
c:\users\perei\desktop\teste\glfw_viewports\helloglfw\shapes.cpp(363): warning C4305: 'argumento': truncamento de 'double' para 'GLfloat'
c:\users\perei\desktop\teste\glfw_viewports\helloglfw\shapes.cpp(366): warning C4305: 'argumento': truncamento de 'double' para 'GLfloat'
c:\users\perei\desktop\teste\glfw_viewports\helloglfw\shapes.cpp(367): warning C4305: 'argumento': truncamento de 'double' para 'GLfloat'
c:\users\perei\desktop\teste\glfw_viewports\helloglfw\shapes.cpp(370): warning C4305: 'argumento': truncamento de 'double' para 'GLfloat'
c:\users\perei\desktop\teste\glfw_viewports\helloglfw\shapes.cpp(371): warning C4305: 'argumento': truncamento de 'double' para 'GLfloat'
c:\users\perei\desktop\teste\glfw_viewports\helloglfw\shapes.cpp(376): warning C4305: 'argumento': truncamento de 'double' para 'GLfloat'
c:\users\perei\desktop\teste\glfw_viewports\helloglfw\shapes.cpp(377): warning C4305: 'argumento': truncamento de 'double' para 'GLfloat'
c:\users\perei\desktop\teste\glfw_viewports\helloglfw\shapes.cpp(382): warning C4305: 'argumento': truncamento de 'double' para 'GLfloat'
c:\users\perei\desktop\teste\glfw_viewports\helloglfw\shapes.cpp(383): warning C4305: 'argumento': truncamento de 'double' para 'GLfloat'
c:\users\perei\desktop\teste\glfw_viewports\helloglfw\shapes.cpp(386): warning C4305: 'argumento': truncamento de 'double' para 'GLfloat'
c:\users\perei\desktop\teste\glfw_viewports\helloglfw\shapes.cpp(387): warning C4305: 'argumento': truncamento de 'double' para 'GLfloat'
c:\users\perei\desktop\teste\glfw_viewports\helloglfw\shapes.cpp(390): warning C4305: 'argumento': truncamento de 'double' para 'GLfloat'
c:\users\perei\desktop\teste\glfw_viewports\helloglfw\shapes.cpp(391): warning C4305: 'argumento': truncamento de 'double' para 'GLfloat'
c:\users\perei\desktop\teste\glfw_viewports\helloglfw\shapes.cpp(394): warning C4305: 'argumento': truncamento de 'double' para 'GLfloat'
c:\users\perei\desktop\teste\glfw_viewports\helloglfw\shapes.cpp(395): warning C4305: 'argumento': truncamento de 'double' para 'GLfloat'
c:\users\perei\desktop\teste\glfw_viewports\helloglfw\shapes.cpp(398): warning C4305: 'argumento': truncamento de 'double' para 'GLfloat'
c:\users\perei\desktop\teste\glfw_viewports\helloglfw\shapes.cpp(399): warning C4305: 'argumento': truncamento de 'double' para 'GLfloat'
c:\users\perei\desktop\teste\glfw_viewports\helloglfw\shapes.cpp(402): warning C4305: 'argumento': truncamento de 'double' para 'GLfloat'
c:\users\perei\desktop\teste\glfw_viewports\helloglfw\shapes.cpp(403): warning C4305: 'argumento': truncamento de 'double' para 'GLfloat'
c:\users\perei\desktop\teste\glfw_viewports\helloglfw\shapes.cpp(411): warning C4305: 'argumento': truncamento de 'double' para 'GLfloat'
c:\users\perei\desktop\teste\glfw_viewports\helloglfw\shapes.cpp(412): warning C4305: 'argumento': truncamento de 'double' para 'GLfloat'
c:\users\perei\desktop\teste\glfw_viewports\helloglfw\shapes.cpp(415): warning C4305: 'argumento': truncamento de 'double' para 'GLfloat'
c:\users\perei\desktop\teste\glfw_viewports\helloglfw\shapes.cpp(416): warning C4305: 'argumento': truncamento de 'double' para 'GLfloat'
c:\users\perei\desktop\teste\glfw_viewports\helloglfw\shapes.cpp(419): warning C4305: 'argumento': truncamento de 'double' para 'GLfloat'
c:\users\perei\desktop\teste\glfw_viewports\helloglfw\shapes.cpp(420): warning C4305: 'argumento': truncamento de 'double' para 'GLfloat'
c:\users\perei\desktop\teste\glfw_viewports\helloglfw\shapes.cpp(423): warning C4305: 'argumento': truncamento de 'double' para 'GLfloat'
c:\users\perei\desktop\teste\glfw_viewports\helloglfw\shapes.cpp(424): warning C4305: 'argumento': truncamento de 'double' para 'GLfloat'
c:\users\perei\desktop\teste\glfw_viewports\helloglfw\shapes.cpp(427): warning C4305: 'argumento': truncamento de 'double' para 'GLfloat'
c:\users\perei\desktop\teste\glfw_viewports\helloglfw\shapes.cpp(428): warning C4305: 'argumento': truncamento de 'double' para 'GLfloat'
c:\users\perei\desktop\teste\glfw_viewports\helloglfw\shapes.cpp(433): warning C4305: 'argumento': truncamento de 'double' para 'GLfloat'
c:\users\perei\desktop\teste\glfw_viewports\helloglfw\shapes.cpp(434): warning C4305: 'argumento': truncamento de 'double' para 'GLfloat'
c:\users\perei\desktop\teste\glfw_viewports\helloglfw\shapes.cpp(437): warning C4305: 'argumento': truncamento de 'double' para 'GLfloat'
c:\users\perei\desktop\teste\glfw_viewports\helloglfw\shapes.cpp(438): warning C4305: 'argumento': truncamento de 'double' para 'GLfloat'
c:\users\perei\desktop\teste\glfw_viewports\helloglfw\shapes.cpp(441): warning C4305: 'argumento': truncamento de 'double' para 'GLfloat'
c:\users\perei\desktop\teste\glfw_viewports\helloglfw\shapes.cpp(442): warning C4305: 'argumento': truncamento de 'double' para 'GLfloat'
c:\users\perei\desktop\teste\glfw_viewports\helloglfw\shapes.cpp(445): warning C4305: 'argumento': truncamento de 'double' para 'GLfloat'
c:\users\perei\desktop\teste\glfw_viewports\helloglfw\shapes.cpp(446): warning C4305: 'argumento': truncamento de 'double' para 'GLfloat'
c:\users\perei\desktop\teste\glfw_viewports\helloglfw\shapes.cpp(451): warning C4305: 'argumento': truncamento de 'double' para 'GLfloat'
c:\users\perei\desktop\teste\glfw_viewports\helloglfw\shapes.cpp(452): warning C4305: 'argumento': truncamento de 'double' para 'GLfloat'
c:\users\perei\desktop\teste\glfw_viewports\helloglfw\shapes.cpp(455): warning C4305: 'argumento': truncamento de 'double' para 'GLfloat'
c:\users\perei\desktop\teste\glfw_viewports\helloglfw\shapes.cpp(456): warning C4305: 'argumento': truncamento de 'double' para 'GLfloat'
c:\users\perei\desktop\teste\glfw_viewports\helloglfw\shapes.cpp(459): warning C4305: 'argumento': truncamento de 'double' para 'GLfloat'
c:\users\perei\desktop\teste\glfw_viewports\helloglfw\shapes.cpp(460): warning C4305: 'argumento': truncamento de 'double' para 'GLfloat'
c:\users\perei\desktop\teste\glfw_viewports\helloglfw\shapes.cpp(466): warning C4305: 'argumento': truncamento de 'double' para 'GLfloat'
c:\users\perei\desktop\teste\glfw_viewports\helloglfw\shapes.cpp(467): warning C4305: 'argumento': truncamento de 'double' para 'GLfloat'
c:\users\perei\desktop\teste\glfw_viewports\helloglfw\shapes.cpp(470): warning C4305: 'argumento': truncamento de 'double' para 'GLfloat'
c:\users\perei\desktop\teste\glfw_viewports\helloglfw\shapes.cpp(471): warning C4305: 'argumento': truncamento de 'double' para 'GLfloat'
c:\users\perei\desktop\teste\glfw_viewports\helloglfw\shapes.cpp(476): warning C4305: 'argumento': truncamento de 'double' para 'GLfloat'
c:\users\perei\desktop\teste\glfw_viewports\helloglfw\shapes.cpp(477): warning C4305: 'argumento': truncamento de 'double' para 'GLfloat'
c:\users\perei\desktop\teste\glfw_viewports\helloglfw\shapes.cpp(480): warning C4305: 'argumento': truncamento de 'double' para 'GLfloat'
c:\users\perei\desktop\teste\glfw_viewports\helloglfw\shapes.cpp(481): warning C4305: 'argumento': truncamento de 'double' para 'GLfloat'
c:\users\perei\desktop\teste\glfw_viewports\helloglfw\shapes.cpp(486): warning C4305: 'argumento': truncamento de 'double' para 'GLfloat'
c:\users\perei\desktop\teste\glfw_viewports\helloglfw\shapes.cpp(487): warning C4305: 'argumento': truncamento de 'double' para 'GLfloat'
c:\users\perei\desktop\teste\glfw_viewports\helloglfw\shapes.cpp(490): warning C4305: 'argumento': truncamento de 'double' para 'GLfloat'
c:\users\perei\desktop\teste\glfw_viewports\helloglfw\shapes.cpp(491): warning C4305: 'argumento': truncamento de 'double' para 'GLfloat'
c:\users\perei\desktop\teste\glfw_viewports\helloglfw\shapes.cpp(505): warning C4305: 'argumento': truncamento de 'double' para 'GLfloat'
c:\users\perei\desktop\teste\glfw_viewports\helloglfw\shapes.cpp(506): warning C4305: 'argumento': truncamento de 'double' para 'GLfloat'
c:\users\perei\desktop\teste\glfw_viewports\helloglfw\shapes.cpp(509): warning C4305: 'argumento': truncamento de 'double' para 'GLfloat'
c:\users\perei\desktop\teste\glfw_viewports\helloglfw\shapes.cpp(510): warning C4305: 'argumento': truncamento de 'double' para 'GLfloat'
c:\users\perei\desktop\teste\glfw_viewports\helloglfw\shapes.cpp(513): warning C4305: 'argumento': truncamento de 'double' para 'GLfloat'
c:\users\perei\desktop\teste\glfw_viewports\helloglfw\shapes.cpp(514): warning C4305: 'argumento': truncamento de 'double' para 'GLfloat'
c:\users\perei\desktop\teste\glfw_viewports\helloglfw\shapes.cpp(520): warning C4305: 'argumento': truncamento de 'double' para 'GLfloat'
c:\users\perei\desktop\teste\glfw_viewports\helloglfw\shapes.cpp(521): warning C4305: 'argumento': truncamento de 'double' para 'GLfloat'
c:\users\perei\desktop\teste\glfw_viewports\helloglfw\shapes.cpp(524): warning C4305: 'argumento': truncamento de 'double' para 'GLfloat'
c:\users\perei\desktop\teste\glfw_viewports\helloglfw\shapes.cpp(525): warning C4305: 'argumento': truncamento de 'double' para 'GLfloat'
c:\users\perei\desktop\teste\glfw_viewports\helloglfw\shapes.cpp(528): warning C4305: 'argumento': truncamento de 'double' para 'GLfloat'
c:\users\perei\desktop\teste\glfw_viewports\helloglfw\shapes.cpp(529): warning C4305: 'argumento': truncamento de 'double' para 'GLfloat'
c:\users\perei\desktop\teste\glfw_viewports\helloglfw\shapes.cpp(532): warning C4305: 'argumento': truncamento de 'double' para 'GLfloat'
c:\users\perei\desktop\teste\glfw_viewports\helloglfw\shapes.cpp(533): warning C4305: 'argumento': truncamento de 'double' para 'GLfloat'
c:\users\perei\desktop\teste\glfw_viewports\helloglfw\shapes.cpp(536): warning C4305: 'argumento': truncamento de 'double' para 'GLfloat'
c:\users\perei\desktop\teste\glfw_viewports\helloglfw\shapes.cpp(537): warning C4305: 'argumento': truncamento de 'double' para 'GLfloat'
c:\users\perei\desktop\teste\glfw_viewports\helloglfw\shapes.cpp(543): warning C4305: 'argumento': truncamento de 'double' para 'GLfloat'
c:\users\perei\desktop\teste\glfw_viewports\helloglfw\shapes.cpp(544): warning C4305: 'argumento': truncamento de 'double' para 'GLfloat'
c:\users\perei\desktop\teste\glfw_viewports\helloglfw\shapes.cpp(547): warning C4305: 'argumento': truncamento de 'double' para 'GLfloat'
c:\users\perei\desktop\teste\glfw_viewports\helloglfw\shapes.cpp(548): warning C4305: 'argumento': truncamento de 'double' para 'GLfloat'
c:\users\perei\desktop\teste\glfw_viewports\helloglfw\shapes.cpp(551): warning C4305: 'argumento': truncamento de 'double' para 'GLfloat'
c:\users\perei\desktop\teste\glfw_viewports\helloglfw\shapes.cpp(552): warning C4305: 'argumento': truncamento de 'double' para 'GLfloat'
c:\users\perei\desktop\teste\glfw_viewports\helloglfw\shapes.cpp(555): warning C4305: 'argumento': truncamento de 'double' para 'GLfloat'
c:\users\perei\desktop\teste\glfw_viewports\helloglfw\shapes.cpp(556): warning C4305: 'argumento': truncamento de 'double' para 'GLfloat'
c:\users\perei\desktop\teste\glfw_viewports\helloglfw\shapes.cpp(562): warning C4305: 'argumento': truncamento de 'double' para 'GLfloat'
c:\users\perei\desktop\teste\glfw_viewports\helloglfw\shapes.cpp(563): warning C4305: 'argumento': truncamento de 'double' para 'GLfloat'
c:\users\perei\desktop\teste\glfw_viewports\helloglfw\shapes.cpp(566): warning C4305: 'argumento': truncamento de 'double' para 'GLfloat'
c:\users\perei\desktop\teste\glfw_viewports\helloglfw\shapes.cpp(567): warning C4305: 'argumento': truncamento de 'double' para 'GLfloat'
c:\users\perei\desktop\teste\glfw_viewports\helloglfw\shapes.cpp(570): warning C4305: 'argumento': truncamento de 'double' para 'GLfloat'
c:\users\perei\desktop\teste\glfw_viewports\helloglfw\shapes.cpp(571): warning C4305: 'argumento': truncamento de 'double' para 'GLfloat'
c:\users\perei\desktop\teste\glfw_viewports\helloglfw\shapes.cpp(577): warning C4305: 'argumento': truncamento de 'double' para 'GLfloat'
c:\users\perei\desktop\teste\glfw_viewports\helloglfw\shapes.cpp(578): warning C4305: 'argumento': truncamento de 'double' para 'GLfloat'
c:\users\perei\desktop\teste\glfw_viewports\helloglfw\shapes.cpp(581): warning C4305: 'argumento': truncamento de 'double' para 'GLfloat'
c:\users\perei\desktop\teste\glfw_viewports\helloglfw\shapes.cpp(582): warning C4305: 'argumento': truncamento de 'double' para 'GLfloat'
c:\users\perei\desktop\teste\glfw_viewports\helloglfw\shapes.cpp(585): warning C4305: 'argumento': truncamento de 'double' para 'GLfloat'
c:\users\perei\desktop\teste\glfw_viewports\helloglfw\shapes.cpp(586): warning C4305: 'argumento': truncamento de 'double' para 'GLfloat'
c:\users\perei\desktop\teste\glfw_viewports\helloglfw\shapes.cpp(589): warning C4305: 'argumento': truncamento de 'double' para 'GLfloat'
c:\users\perei\desktop\teste\glfw_viewports\helloglfw\shapes.cpp(590): warning C4305: 'argumento': truncamento de 'double' para 'GLfloat'
c:\users\perei\desktop\teste\glfw_viewports\helloglfw\shapes.cpp(593): warning C4305: 'argumento': truncamento de 'double' para 'GLfloat'
c:\users\perei\desktop\teste\glfw_viewports\helloglfw\shapes.cpp(594): warning C4305: 'argumento': truncamento de 'double' para 'GLfloat'
c:\users\perei\desktop\teste\glfw_viewports\helloglfw\shapes.cpp(600): warning C4305: 'argumento': truncamento de 'double' para 'GLfloat'
c:\users\perei\desktop\teste\glfw_viewports\helloglfw\shapes.cpp(601): warning C4305: 'argumento': truncamento de 'double' para 'GLfloat'
c:\users\perei\desktop\teste\glfw_viewports\helloglfw\shapes.cpp(604): warning C4305: 'argumento': truncamento de 'double' para 'GLfloat'
c:\users\perei\desktop\teste\glfw_viewports\helloglfw\shapes.cpp(605): warning C4305: 'argumento': truncamento de 'double' para 'GLfloat'
c:\users\perei\desktop\teste\glfw_viewports\helloglfw\shapes.cpp(606): warning C4305: 'argumento': truncamento de 'double' para 'GLfloat'
c:\users\perei\desktop\teste\glfw_viewports\helloglfw\shapes.cpp(607): warning C4305: 'argumento': truncamento de 'double' para 'GLfloat'
c:\users\perei\desktop\teste\glfw_viewports\helloglfw\shapes.cpp(613): warning C4305: 'argumento': truncamento de 'double' para 'GLfloat'
c:\users\perei\desktop\teste\glfw_viewports\helloglfw\shapes.cpp(614): warning C4305: 'argumento': truncamento de 'double' para 'GLfloat'
c:\users\perei\desktop\teste\glfw_viewports\helloglfw\shapes.cpp(617): warning C4305: 'argumento': truncamento de 'double' para 'GLfloat'
c:\users\perei\desktop\teste\glfw_viewports\helloglfw\shapes.cpp(618): warning C4305: 'argumento': truncamento de 'double' para 'GLfloat'
c:\users\perei\desktop\teste\glfw_viewports\helloglfw\shapes.cpp(624): warning C4305: 'argumento': truncamento de 'double' para 'GLfloat'
c:\users\perei\desktop\teste\glfw_viewports\helloglfw\shapes.cpp(625): warning C4305: 'argumento': truncamento de 'double' para 'GLfloat'
c:\users\perei\desktop\teste\glfw_viewports\helloglfw\shapes.cpp(626): warning C4305: 'argumento': truncamento de 'double' para 'GLfloat'
c:\users\perei\desktop\teste\glfw_viewports\helloglfw\shapes.cpp(627): warning C4305: 'argumento': truncamento de 'double' para 'GLfloat'
c:\users\perei\desktop\teste\glfw_viewports\helloglfw\shapes.cpp(630): warning C4305: 'argumento': truncamento de 'double' para 'GLfloat'
c:\users\perei\desktop\teste\glfw_viewports\helloglfw\shapes.cpp(631): warning C4305: 'argumento': truncamento de 'double' para 'GLfloat'
c:\users\perei\desktop\teste\glfw_viewports\helloglfw\shapes.cpp(632): warning C4305: 'argumento': truncamento de 'double' para 'GLfloat'
c:\users\perei\desktop\teste\glfw_viewports\helloglfw\shapes.cpp(633): warning C4305: 'argumento': truncamento de 'double' para 'GLfloat'
c:\users\perei\desktop\teste\glfw_viewports\helloglfw\shapes.cpp(639): warning C4305: 'argumento': truncamento de 'double' para 'GLfloat'
c:\users\perei\desktop\teste\glfw_viewports\helloglfw\shapes.cpp(640): warning C4305: 'argumento': truncamento de 'double' para 'GLfloat'
c:\users\perei\desktop\teste\glfw_viewports\helloglfw\shapes.cpp(641): warning C4305: 'argumento': truncamento de 'double' para 'GLfloat'
c:\users\perei\desktop\teste\glfw_viewports\helloglfw\shapes.cpp(642): warning C4305: 'argumento': truncamento de 'double' para 'GLfloat'
c:\users\perei\desktop\teste\glfw_viewports\helloglfw\shapes.cpp(645): warning C4305: 'argumento': truncamento de 'double' para 'GLfloat'
c:\users\perei\desktop\teste\glfw_viewports\helloglfw\shapes.cpp(646): warning C4305: 'argumento': truncamento de 'double' para 'GLfloat'
c:\users\perei\desktop\teste\glfw_viewports\helloglfw\shapes.cpp(659): warning C4305: 'argumento': truncamento de 'double' para 'GLfloat'
c:\users\perei\desktop\teste\glfw_viewports\helloglfw\shapes.cpp(660): warning C4305: 'argumento': truncamento de 'double' para 'GLfloat'
c:\users\perei\desktop\teste\glfw_viewports\helloglfw\shapes.cpp(661): warning C4305: 'argumento': truncamento de 'double' para 'GLfloat'
c:\users\perei\desktop\teste\glfw_viewports\helloglfw\shapes.cpp(662): warning C4305: 'argumento': truncamento de 'double' para 'GLfloat'
c:\users\perei\desktop\teste\glfw_viewports\helloglfw\shapes.cpp(667): warning C4305: 'argumento': truncamento de 'double' para 'GLfloat'
c:\users\perei\desktop\teste\glfw_viewports\helloglfw\shapes.cpp(668): warning C4305: 'argumento': truncamento de 'double' para 'GLfloat'
c:\users\perei\desktop\teste\glfw_viewports\helloglfw\shapes.cpp(669): warning C4305: 'argumento': truncamento de 'double' para 'GLfloat'
c:\users\perei\desktop\teste\glfw_viewports\helloglfw\shapes.cpp(670): warning C4305: 'argumento': truncamento de 'double' para 'GLfloat'
c:\users\perei\desktop\teste\glfw_viewports\helloglfw\shapes.cpp(671): warning C4305: 'argumento': truncamento de 'double' para 'GLfloat'
c:\users\perei\desktop\teste\glfw_viewports\helloglfw\shapes.cpp(672): warning C4305: 'argumento': truncamento de 'double' para 'GLfloat'
c:\users\perei\desktop\teste\glfw_viewports\helloglfw\shapes.cpp(677): warning C4305: 'argumento': truncamento de 'double' para 'GLfloat'
c:\users\perei\desktop\teste\glfw_viewports\helloglfw\shapes.cpp(678): warning C4305: 'argumento': truncamento de 'double' para 'GLfloat'
c:\users\perei\desktop\teste\glfw_viewports\helloglfw\shapes.cpp(679): warning C4305: 'argumento': truncamento de 'double' para 'GLfloat'
c:\users\perei\desktop\teste\glfw_viewports\helloglfw\shapes.cpp(680): warning C4305: 'argumento': truncamento de 'double' para 'GLfloat'
c:\users\perei\desktop\teste\glfw_viewports\helloglfw\shapes.cpp(683): warning C4305: 'argumento': truncamento de 'double' para 'GLfloat'
c:\users\perei\desktop\teste\glfw_viewports\helloglfw\shapes.cpp(684): warning C4305: 'argumento': truncamento de 'double' para 'GLfloat'
c:\users\perei\desktop\teste\glfw_viewports\helloglfw\shapes.cpp(685): warning C4305: 'argumento': truncamento de 'double' para 'GLfloat'
c:\users\perei\desktop\teste\glfw_viewports\helloglfw\shapes.cpp(686): warning C4305: 'argumento': truncamento de 'double' para 'GLfloat'
c:\users\perei\desktop\teste\glfw_viewports\helloglfw\shapes.cpp(691): warning C4305: 'argumento': truncamento de 'double' para 'GLfloat'
c:\users\perei\desktop\teste\glfw_viewports\helloglfw\shapes.cpp(692): warning C4305: 'argumento': truncamento de 'double' para 'GLfloat'
c:\users\perei\desktop\teste\glfw_viewports\helloglfw\shapes.cpp(693): warning C4305: 'argumento': truncamento de 'double' para 'GLfloat'
c:\users\perei\desktop\teste\glfw_viewports\helloglfw\shapes.cpp(696): warning C4305: 'argumento': truncamento de 'double' para 'GLfloat'
c:\users\perei\desktop\teste\glfw_viewports\helloglfw\shapes.cpp(697): warning C4305: 'argumento': truncamento de 'double' para 'GLfloat'
c:\users\perei\desktop\teste\glfw_viewports\helloglfw\shapes.cpp(698): warning C4305: 'argumento': truncamento de 'double' para 'GLfloat'
c:\users\perei\desktop\teste\glfw_viewports\helloglfw\shapes.cpp(709): warning C4305: 'argumento': truncamento de 'double' para 'GLfloat'
c:\users\perei\desktop\teste\glfw_viewports\helloglfw\shapes.cpp(710): warning C4305: 'argumento': truncamento de 'double' para 'GLfloat'
c:\users\perei\desktop\teste\glfw_viewports\helloglfw\shapes.cpp(711): warning C4305: 'argumento': truncamento de 'double' para 'GLfloat'
c:\users\perei\desktop\teste\glfw_viewports\helloglfw\shapes.cpp(712): warning C4305: 'argumento': truncamento de 'double' para 'GLfloat'
c:\users\perei\desktop\teste\glfw_viewports\helloglfw\shapes.cpp(717): warning C4305: 'argumento': truncamento de 'double' para 'GLfloat'
c:\users\perei\desktop\teste\glfw_viewports\helloglfw\shapes.cpp(718): warning C4305: 'argumento': truncamento de 'double' para 'GLfloat'
c:\users\perei\desktop\teste\glfw_viewports\helloglfw\shapes.cpp(719): warning C4305: 'argumento': truncamento de 'double' para 'GLfloat'
c:\users\perei\desktop\teste\glfw_viewports\helloglfw\shapes.cpp(725): warning C4305: 'argumento': truncamento de 'double' para 'GLfloat'
c:\users\perei\desktop\teste\glfw_viewports\helloglfw\shapes.cpp(726): warning C4305: 'argumento': truncamento de 'double' para 'GLfloat'
c:\users\perei\desktop\teste\glfw_viewports\helloglfw\shapes.cpp(727): warning C4305: 'argumento': truncamento de 'double' para 'GLfloat'
c:\users\perei\desktop\teste\glfw_viewports\helloglfw\shapes.cpp(728): warning C4305: 'argumento': truncamento de 'double' para 'GLfloat'
c:\users\perei\desktop\teste\glfw_viewports\helloglfw\shapes.cpp(729): warning C4305: 'argumento': truncamento de 'double' para 'GLfloat'
c:\users\perei\desktop\teste\glfw_viewports\helloglfw\shapes.cpp(733): warning C4305: 'argumento': truncamento de 'double' para 'GLfloat'
c:\users\perei\desktop\teste\glfw_viewports\helloglfw\shapes.cpp(734): warning C4305: 'argumento': truncamento de 'double' para 'GLfloat'
c:\users\perei\desktop\teste\glfw_viewports\helloglfw\shapes.cpp(735): warning C4305: 'argumento': truncamento de 'double' para 'GLfloat'
c:\users\perei\desktop\teste\glfw_viewports\helloglfw\shapes.cpp(736): warning C4305: 'argumento': truncamento de 'double' para 'GLfloat'
c:\users\perei\desktop\teste\glfw_viewports\helloglfw\shapes.cpp(737): warning C4305: 'argumento': truncamento de 'double' para 'GLfloat'
c:\users\perei\desktop\teste\glfw_viewports\helloglfw\shapes.cpp(738): warning C4305: 'argumento': truncamento de 'double' para 'GLfloat'
c:\users\perei\desktop\teste\glfw_viewports\helloglfw\shapes.cpp(743): warning C4305: 'argumento': truncamento de 'double' para 'GLfloat'
c:\users\perei\desktop\teste\glfw_viewports\helloglfw\shapes.cpp(744): warning C4305: 'argumento': truncamento de 'double' para 'GLfloat'
c:\users\perei\desktop\teste\glfw_viewports\helloglfw\shapes.cpp(745): warning C4305: 'argumento': truncamento de 'double' para 'GLfloat'
c:\users\perei\desktop\teste\glfw_viewports\helloglfw\shapes.cpp(746): warning C4305: 'argumento': truncamento de 'double' para 'GLfloat'
c:\users\perei\desktop\teste\glfw_viewports\helloglfw\shapes.cpp(749): warning C4305: 'argumento': truncamento de 'double' para 'GLfloat'
c:\users\perei\desktop\teste\glfw_viewports\helloglfw\shapes.cpp(750): warning C4305: 'argumento': truncamento de 'double' para 'GLfloat'
c:\users\perei\desktop\teste\glfw_viewports\helloglfw\shapes.cpp(751): warning C4305: 'argumento': truncamento de 'double' para 'GLfloat'
c:\users\perei\desktop\teste\glfw_viewports\helloglfw\shapes.cpp(752): warning C4305: 'argumento': truncamento de 'double' para 'GLfloat'
c:\users\perei\desktop\teste\glfw_viewports\helloglfw\shapes.cpp(762): warning C4305: 'argumento': truncamento de 'double' para 'GLfloat'
c:\users\perei\desktop\teste\glfw_viewports\helloglfw\shapes.cpp(763): warning C4305: 'argumento': truncamento de 'double' para 'GLfloat'
c:\users\perei\desktop\teste\glfw_viewports\helloglfw\shapes.cpp(764): warning C4305: 'argumento': truncamento de 'double' para 'GLfloat'
c:\users\perei\desktop\teste\glfw_viewports\helloglfw\shapes.cpp(765): warning C4305: 'argumento': truncamento de 'double' para 'GLfloat'
c:\users\perei\desktop\teste\glfw_viewports\helloglfw\shapes.cpp(770): warning C4305: 'argumento': truncamento de 'double' para 'GLfloat'
c:\users\perei\desktop\teste\glfw_viewports\helloglfw\shapes.cpp(771): warning C4305: 'argumento': truncamento de 'double' para 'GLfloat'
c:\users\perei\desktop\teste\glfw_viewports\helloglfw\shapes.cpp(772): warning C4305: 'argumento': truncamento de 'double' para 'GLfloat'
c:\users\perei\desktop\teste\glfw_viewports\helloglfw\shapes.cpp(777): warning C4305: 'argumento': truncamento de 'double' para 'GLfloat'
c:\users\perei\desktop\teste\glfw_viewports\helloglfw\shapes.cpp(778): warning C4305: 'argumento': truncamento de 'double' para 'GLfloat'
c:\users\perei\desktop\teste\glfw_viewports\helloglfw\shapes.cpp(779): warning C4305: 'argumento': truncamento de 'double' para 'GLfloat'
c:\users\perei\desktop\teste\glfw_viewports\helloglfw\shapes.cpp(780): warning C4305: 'argumento': truncamento de 'double' para 'GLfloat'
c:\users\perei\desktop\teste\glfw_viewports\helloglfw\shapes.cpp(783): warning C4305: 'argumento': truncamento de 'double' para 'GLfloat'
c:\users\perei\desktop\teste\glfw_viewports\helloglfw\shapes.cpp(784): warning C4305: 'argumento': truncamento de 'double' para 'GLfloat'
c:\users\perei\desktop\teste\glfw_viewports\helloglfw\shapes.cpp(785): warning C4305: 'argumento': truncamento de 'double' para 'GLfloat'
c:\users\perei\desktop\teste\glfw_viewports\helloglfw\shapes.cpp(788): warning C4305: 'argumento': truncamento de 'double' para 'GLfloat'
c:\users\perei\desktop\teste\glfw_viewports\helloglfw\shapes.cpp(789): warning C4305: 'argumento': truncamento de 'double' para 'GLfloat'
c:\users\perei\desktop\teste\glfw_viewports\helloglfw\shapes.cpp(790): warning C4305: 'argumento': truncamento de 'double' para 'GLfloat'
c:\users\perei\desktop\teste\glfw_viewports\helloglfw\shapes.cpp(795): warning C4305: 'argumento': truncamento de 'double' para 'GLfloat'
c:\users\perei\desktop\teste\glfw_viewports\helloglfw\shapes.cpp(796): warning C4305: 'argumento': truncamento de 'double' para 'GLfloat'
c:\users\perei\desktop\teste\glfw_viewports\helloglfw\shapes.cpp(797): warning C4305: 'argumento': truncamento de 'double' para 'GLfloat'
c:\users\perei\desktop\teste\glfw_viewports\helloglfw\shapes.cpp(798): warning C4305: 'argumento': truncamento de 'double' para 'GLfloat'
c:\users\perei\desktop\teste\glfw_viewports\helloglfw\shapes.cpp(799): warning C4305: 'argumento': truncamento de 'double' para 'GLfloat'
c:\users\perei\desktop\teste\glfw_viewports\helloglfw\shapes.cpp(800): warning C4305: 'argumento': truncamento de 'double' para 'GLfloat'
c:\users\perei\desktop\teste\glfw_viewports\helloglfw\shapes.cpp(810): warning C4305: 'argumento': truncamento de 'double' para 'GLfloat'
c:\users\perei\desktop\teste\glfw_viewports\helloglfw\shapes.cpp(811): warning C4305: 'argumento': truncamento de 'double' para 'GLfloat'
c:\users\perei\desktop\teste\glfw_viewports\helloglfw\shapes.cpp(812): warning C4305: 'argumento': truncamento de 'double' para 'GLfloat'
c:\users\perei\desktop\teste\glfw_viewports\helloglfw\shapes.cpp(813): warning C4305: 'argumento': truncamento de 'double' para 'GLfloat'
c:\users\perei\desktop\teste\glfw_viewports\helloglfw\shapes.cpp(818): warning C4305: 'argumento': truncamento de 'double' para 'GLfloat'
c:\users\perei\desktop\teste\glfw_viewports\helloglfw\shapes.cpp(819): warning C4305: 'argumento': truncamento de 'double' para 'GLfloat'
c:\users\perei\desktop\teste\glfw_viewports\helloglfw\shapes.cpp(820): warning C4305: 'argumento': truncamento de 'double' para 'GLfloat'
c:\users\perei\desktop\teste\glfw_viewports\helloglfw\shapes.cpp(825): warning C4305: 'argumento': truncamento de 'double' para 'GLfloat'
c:\users\perei\desktop\teste\glfw_viewports\helloglfw\shapes.cpp(826): warning C4305: 'argumento': truncamento de 'double' para 'GLfloat'
c:\users\perei\desktop\teste\glfw_viewports\helloglfw\shapes.cpp(827): warning C4305: 'argumento': truncamento de 'double' para 'GLfloat'
c:\users\perei\desktop\teste\glfw_viewports\helloglfw\shapes.cpp(828): warning C4305: 'argumento': truncamento de 'double' para 'GLfloat'
c:\users\perei\desktop\teste\glfw_viewports\helloglfw\shapes.cpp(839): warning C4305: 'argumento': truncamento de 'double' para 'GLfloat'
c:\users\perei\desktop\teste\glfw_viewports\helloglfw\shapes.cpp(840): warning C4305: 'argumento': truncamento de 'double' para 'GLfloat'
c:\users\perei\desktop\teste\glfw_viewports\helloglfw\shapes.cpp(841): warning C4305: 'argumento': truncamento de 'double' para 'GLfloat'
c:\users\perei\desktop\teste\glfw_viewports\helloglfw\shapes.cpp(842): warning C4305: 'argumento': truncamento de 'double' para 'GLfloat'
c:\users\perei\desktop\teste\glfw_viewports\helloglfw\shapes.cpp(847): warning C4305: 'argumento': truncamento de 'double' para 'GLfloat'
c:\users\perei\desktop\teste\glfw_viewports\helloglfw\shapes.cpp(848): warning C4305: 'argumento': truncamento de 'double' para 'GLfloat'
c:\users\perei\desktop\teste\glfw_viewports\helloglfw\shapes.cpp(849): warning C4305: 'argumento': truncamento de 'double' para 'GLfloat'
c:\users\perei\desktop\teste\glfw_viewports\helloglfw\shapes.cpp(852): warning C4305: 'argumento': truncamento de 'double' para 'GLfloat'
c:\users\perei\desktop\teste\glfw_viewports\helloglfw\shapes.cpp(853): warning C4305: 'argumento': truncamento de 'double' para 'GLfloat'
c:\users\perei\desktop\teste\glfw_viewports\helloglfw\shapes.cpp(854): warning C4305: 'argumento': truncamento de 'double' para 'GLfloat'
c:\users\perei\desktop\teste\glfw_viewports\helloglfw\shapes.cpp(857): warning C4305: 'argumento': truncamento de 'double' para 'GLfloat'
c:\users\perei\desktop\teste\glfw_viewports\helloglfw\shapes.cpp(858): warning C4305: 'argumento': truncamento de 'double' para 'GLfloat'
c:\users\perei\desktop\teste\glfw_viewports\helloglfw\shapes.cpp(859): warning C4305: 'argumento': truncamento de 'double' para 'GLfloat'
c:\users\perei\desktop\teste\glfw_viewports\helloglfw\shapes.cpp(862): warning C4305: 'argumento': truncamento de 'double' para 'GLfloat'
c:\users\perei\desktop\teste\glfw_viewports\helloglfw\shapes.cpp(863): warning C4305: 'argumento': truncamento de 'double' para 'GLfloat'
c:\users\perei\desktop\teste\glfw_viewports\helloglfw\shapes.cpp(864): warning C4305: 'argumento': truncamento de 'double' para 'GLfloat'
c:\users\perei\desktop\teste\glfw_viewports\helloglfw\shapes.cpp(874): warning C4305: 'argumento': truncamento de 'double' para 'GLfloat'
c:\users\perei\desktop\teste\glfw_viewports\helloglfw\shapes.cpp(875): warning C4305: 'argumento': truncamento de 'double' para 'GLfloat'
c:\users\perei\desktop\teste\glfw_viewports\helloglfw\shapes.cpp(876): warning C4305: 'argumento': truncamento de 'double' para 'GLfloat'
c:\users\perei\desktop\teste\glfw_viewports\helloglfw\shapes.cpp(877): warning C4305: 'argumento': truncamento de 'double' para 'GLfloat'
c:\users\perei\desktop\teste\glfw_viewports\helloglfw\shapes.cpp(880): warning C4305: 'argumento': truncamento de 'double' para 'GLfloat'
c:\users\perei\desktop\teste\glfw_viewports\helloglfw\shapes.cpp(881): warning C4305: 'argumento': truncamento de 'double' para 'GLfloat'
c:\users\perei\desktop\teste\glfw_viewports\helloglfw\shapes.cpp(882): warning C4305: 'argumento': truncamento de 'double' para 'GLfloat'
c:\users\perei\desktop\teste\glfw_viewports\helloglfw\shapes.cpp(883): warning C4305: 'argumento': truncamento de 'double' para 'GLfloat'
c:\users\perei\desktop\teste\glfw_viewports\helloglfw\shapes.cpp(888): warning C4305: 'argumento': truncamento de 'double' para 'GLfloat'
c:\users\perei\desktop\teste\glfw_viewports\helloglfw\shapes.cpp(889): warning C4305: 'argumento': truncamento de 'double' para 'GLfloat'
c:\users\perei\desktop\teste\glfw_viewports\helloglfw\shapes.cpp(892): warning C4305: 'argumento': truncamento de 'double' para 'GLfloat'
c:\users\perei\desktop\teste\glfw_viewports\helloglfw\shapes.cpp(893): warning C4305: 'argumento': truncamento de 'double' para 'GLfloat'
c:\users\perei\desktop\teste\glfw_viewports\helloglfw\shapes.cpp(896): warning C4305: 'argumento': truncamento de 'double' para 'GLfloat'
c:\users\perei\desktop\teste\glfw_viewports\helloglfw\shapes.cpp(897): warning C4305: 'argumento': truncamento de 'double' para 'GLfloat'
c:\users\perei\desktop\teste\glfw_viewports\helloglfw\shapes.cpp(900): warning C4305: 'argumento': truncamento de 'double' para 'GLfloat'
c:\users\perei\desktop\teste\glfw_viewports\helloglfw\shapes.cpp(901): warning C4305: 'argumento': truncamento de 'double' para 'GLfloat'
c:\users\perei\desktop\teste\glfw_viewports\helloglfw\shapes.cpp(913): warning C4305: 'argumento': truncamento de 'double' para 'GLfloat'
c:\users\perei\desktop\teste\glfw_viewports\helloglfw\shapes.cpp(914): warning C4305: 'argumento': truncamento de 'double' para 'GLfloat'
c:\users\perei\desktop\teste\glfw_viewports\helloglfw\shapes.cpp(915): warning C4305: 'argumento': truncamento de 'double' para 'GLfloat'
c:\users\perei\desktop\teste\glfw_viewports\helloglfw\shapes.cpp(916): warning C4305: 'argumento': truncamento de 'double' para 'GLfloat'
c:\users\perei\desktop\teste\glfw_viewports\helloglfw\shapes.cpp(919): warning C4305: 'argumento': truncamento de 'double' para 'GLfloat'
c:\users\perei\desktop\teste\glfw_viewports\helloglfw\shapes.cpp(920): warning C4305: 'argumento': truncamento de 'double' para 'GLfloat'
c:\users\perei\desktop\teste\glfw_viewports\helloglfw\shapes.cpp(921): warning C4305: 'argumento': truncamento de 'double' para 'GLfloat'
c:\users\perei\desktop\teste\glfw_viewports\helloglfw\shapes.cpp(922): warning C4305: 'argumento': truncamento de 'double' para 'GLfloat'
c:\users\perei\desktop\teste\glfw_viewports\helloglfw\shapes.cpp(927): warning C4305: 'argumento': truncamento de 'double' para 'GLfloat'
c:\users\perei\desktop\teste\glfw_viewports\helloglfw\shapes.cpp(928): warning C4305: 'argumento': truncamento de 'double' para 'GLfloat'
c:\users\perei\desktop\teste\glfw_viewports\helloglfw\shapes.cpp(931): warning C4305: 'argumento': truncamento de 'double' para 'GLfloat'
c:\users\perei\desktop\teste\glfw_viewports\helloglfw\shapes.cpp(932): warning C4305: 'argumento': truncamento de 'double' para 'GLfloat'
c:\users\perei\desktop\teste\glfw_viewports\helloglfw\shapes.cpp(935): warning C4305: 'argumento': truncamento de 'double' para 'GLfloat'
c:\users\perei\desktop\teste\glfw_viewports\helloglfw\shapes.cpp(936): warning C4305: 'argumento': truncamento de 'double' para 'GLfloat'
c:\users\perei\desktop\teste\glfw_viewports\helloglfw\shapes.cpp(939): warning C4305: 'argumento': truncamento de 'double' para 'GLfloat'
c:\users\perei\desktop\teste\glfw_viewports\helloglfw\shapes.cpp(940): warning C4305: 'argumento': truncamento de 'double' para 'GLfloat'
c:\users\perei\desktop\teste\glfw_viewports\helloglfw\shapes.cpp(951): warning C4305: 'argumento': truncamento de 'double' para 'GLfloat'
c:\users\perei\desktop\teste\glfw_viewports\helloglfw\shapes.cpp(952): warning C4305: 'argumento': truncamento de 'double' para 'GLfloat'
c:\users\perei\desktop\teste\glfw_viewports\helloglfw\shapes.cpp(953): warning C4305: 'argumento': truncamento de 'double' para 'GLfloat'
c:\users\perei\desktop\teste\glfw_viewports\helloglfw\shapes.cpp(954): warning C4305: 'argumento': truncamento de 'double' para 'GLfloat'
c:\users\perei\desktop\teste\glfw_viewports\helloglfw\shapes.cpp(957): warning C4305: 'argumento': truncamento de 'double' para 'GLfloat'
c:\users\perei\desktop\teste\glfw_viewports\helloglfw\shapes.cpp(958): warning C4305: 'argumento': truncamento de 'double' para 'GLfloat'
c:\users\perei\desktop\teste\glfw_viewports\helloglfw\shapes.cpp(959): warning C4305: 'argumento': truncamento de 'double' para 'GLfloat'
c:\users\perei\desktop\teste\glfw_viewports\helloglfw\shapes.cpp(960): warning C4305: 'argumento': truncamento de 'double' para 'GLfloat'
c:\users\perei\desktop\teste\glfw_viewports\helloglfw\shapes.cpp(965): warning C4305: 'argumento': truncamento de 'double' para 'GLfloat'
c:\users\perei\desktop\teste\glfw_viewports\helloglfw\shapes.cpp(966): warning C4305: 'argumento': truncamento de 'double' para 'GLfloat'
c:\users\perei\desktop\teste\glfw_viewports\helloglfw\shapes.cpp(969): warning C4305: 'argumento': truncamento de 'double' para 'GLfloat'
c:\users\perei\desktop\teste\glfw_viewports\helloglfw\shapes.cpp(970): warning C4305: 'argumento': truncamento de 'double' para 'GLfloat'
c:\users\perei\desktop\teste\glfw_viewports\helloglfw\shapes.cpp(973): warning C4305: 'argumento': truncamento de 'double' para 'GLfloat'
c:\users\perei\desktop\teste\glfw_viewports\helloglfw\shapes.cpp(974): warning C4305: 'argumento': truncamento de 'double' para 'GLfloat'
c:\users\perei\desktop\teste\glfw_viewports\helloglfw\shapes.cpp(977): warning C4305: 'argumento': truncamento de 'double' para 'GLfloat'
c:\users\perei\desktop\teste\glfw_viewports\helloglfw\shapes.cpp(978): warning C4305: 'argumento': truncamento de 'double' para 'GLfloat'
c:\users\perei\desktop\teste\glfw_viewports\helloglfw\shapes.cpp(986): warning C4305: 'argumento': truncamento de 'double' para 'GLfloat'
c:\users\perei\desktop\teste\glfw_viewports\helloglfw\shapes.cpp(987): warning C4305: 'argumento': truncamento de 'double' para 'GLfloat'
c:\users\perei\desktop\teste\glfw_viewports\helloglfw\shapes.cpp(990): warning C4305: 'argumento': truncamento de 'double' para 'GLfloat'
c:\users\perei\desktop\teste\glfw_viewports\helloglfw\shapes.cpp(991): warning C4305: 'argumento': truncamento de 'double' para 'GLfloat'
c:\users\perei\desktop\teste\glfw_viewports\helloglfw\shapes.cpp(994): warning C4305: 'argumento': truncamento de 'double' para 'GLfloat'
c:\users\perei\desktop\teste\glfw_viewports\helloglfw\shapes.cpp(995): warning C4305: 'argumento': truncamento de 'double' para 'GLfloat'
c:\users\perei\desktop\teste\glfw_viewports\helloglfw\shapes.cpp(998): warning C4305: 'argumento': truncamento de 'double' para 'GLfloat'
c:\users\perei\desktop\teste\glfw_viewports\helloglfw\shapes.cpp(999): warning C4305: 'argumento': truncamento de 'double' para 'GLfloat'
c:\users\perei\desktop\teste\glfw_viewports\helloglfw\shapes.cpp(1008): warning C4305: 'argumento': truncamento de 'double' para 'GLfloat'
c:\users\perei\desktop\teste\glfw_viewports\helloglfw\shapes.cpp(1009): warning C4305: 'argumento': truncamento de 'double' para 'GLfloat'
c:\users\perei\desktop\teste\glfw_viewports\helloglfw\shapes.cpp(1012): warning C4305: 'argumento': truncamento de 'double' para 'GLfloat'
c:\users\perei\desktop\teste\glfw_viewports\helloglfw\shapes.cpp(1013): warning C4305: 'argumento': truncamento de 'double' para 'GLfloat'
c:\users\perei\desktop\teste\glfw_viewports\helloglfw\shapes.cpp(1016): warning C4305: 'argumento': truncamento de 'double' para 'GLfloat'
c:\users\perei\desktop\teste\glfw_viewports\helloglfw\shapes.cpp(1017): warning C4305: 'argumento': truncamento de 'double' para 'GLfloat'
c:\users\perei\desktop\teste\glfw_viewports\helloglfw\shapes.cpp(1020): warning C4305: 'argumento': truncamento de 'double' para 'GLfloat'
c:\users\perei\desktop\teste\glfw_viewports\helloglfw\shapes.cpp(1021): warning C4305: 'argumento': truncamento de 'double' para 'GLfloat'
c:\users\perei\desktop\teste\glfw_viewports\helloglfw\shapes.cpp(1030): warning C4244: 'argumento': conversão de 'double' para 'GLfloat', possível perda de dados
c:\users\perei\desktop\teste\glfw_viewports\helloglfw\shapes.cpp(1031): warning C4244: 'argumento': conversão de 'double' para 'GLfloat', possível perda de dados
c:\users\perei\desktop\teste\glfw_viewports\helloglfw\shapes.cpp(1032): warning C4244: 'argumento': conversão de 'double' para 'GLfloat', possível perda de dados
c:\users\perei\desktop\teste\glfw_viewports\helloglfw\shapes.cpp(1033): warning C4244: 'argumento': conversão de 'double' para 'GLfloat', possível perda de dados
c:\users\perei\desktop\teste\glfw_viewports\helloglfw\shapes.cpp(1036): warning C4244: 'argumento': conversão de 'double' para 'GLfloat', possível perda de dados
c:\users\perei\desktop\teste\glfw_viewports\helloglfw\shapes.cpp(1037): warning C4244: 'argumento': conversão de 'double' para 'GLfloat', possível perda de dados
c:\users\perei\desktop\teste\glfw_viewports\helloglfw\shapes.cpp(1038): warning C4244: 'argumento': conversão de 'double' para 'GLfloat', possível perda de dados
c:\users\perei\desktop\teste\glfw_viewports\helloglfw\shapes.cpp(1039): warning C4244: 'argumento': conversão de 'double' para 'GLfloat', possível perda de dados
c:\users\perei\desktop\teste\glfw_viewports\helloglfw\shapes.cpp(1044): warning C4244: 'argumento': conversão de 'double' para 'GLfloat', possível perda de dados
c:\users\perei\desktop\teste\glfw_viewports\helloglfw\shapes.cpp(1045): warning C4244: 'argumento': conversão de 'double' para 'GLfloat', possível perda de dados
c:\users\perei\desktop\teste\glfw_viewports\helloglfw\shapes.cpp(1048): warning C4244: 'argumento': conversão de 'double' para 'GLfloat', possível perda de dados
c:\users\perei\desktop\teste\glfw_viewports\helloglfw\shapes.cpp(1049): warning C4244: 'argumento': conversão de 'double' para 'GLfloat', possível perda de dados
c:\users\perei\desktop\teste\glfw_viewports\helloglfw\shapes.cpp(1052): warning C4244: 'argumento': conversão de 'double' para 'GLfloat', possível perda de dados
c:\users\perei\desktop\teste\glfw_viewports\helloglfw\shapes.cpp(1053): warning C4244: 'argumento': conversão de 'double' para 'GLfloat', possível perda de dados
c:\users\perei\desktop\teste\glfw_viewports\helloglfw\shapes.cpp(1056): warning C4244: 'argumento': conversão de 'double' para 'GLfloat', possível perda de dados
c:\users\perei\desktop\teste\glfw_viewports\helloglfw\shapes.cpp(1057): warning C4244: 'argumento': conversão de 'double' para 'GLfloat', possível perda de dados
c:\users\perei\desktop\teste\glfw_viewports\helloglfw\shapes.cpp(1065): warning C4244: 'argumento': conversão de 'double' para 'GLfloat', possível perda de dados
c:\users\perei\desktop\teste\glfw_viewports\helloglfw\shapes.cpp(1066): warning C4244: 'argumento': conversão de 'double' para 'GLfloat', possível perda de dados
c:\users\perei\desktop\teste\glfw_viewports\helloglfw\shapes.cpp(1069): warning C4244: 'argumento': conversão de 'double' para 'GLfloat', possível perda de dados
c:\users\perei\desktop\teste\glfw_viewports\helloglfw\shapes.cpp(1070): warning C4244: 'argumento': conversão de 'double' para 'GLfloat', possível perda de dados
c:\users\perei\desktop\teste\glfw_viewports\helloglfw\shapes.cpp(1073): warning C4244: 'argumento': conversão de 'double' para 'GLfloat', possível perda de dados
c:\users\perei\desktop\teste\glfw_viewports\helloglfw\shapes.cpp(1074): warning C4244: 'argumento': conversão de 'double' para 'GLfloat', possível perda de dados
c:\users\perei\desktop\teste\glfw_viewports\helloglfw\shapes.cpp(1077): warning C4244: 'argumento': conversão de 'double' para 'GLfloat', possível perda de dados
c:\users\perei\desktop\teste\glfw_viewports\helloglfw\shapes.cpp(1078): warning C4244: 'argumento': conversão de 'double' para 'GLfloat', possível perda de dados
c:\users\perei\desktop\teste\glfw_viewports\helloglfw\shapes.cpp(1086): warning C4244: 'argumento': conversão de 'double' para 'GLfloat', possível perda de dados
c:\users\perei\desktop\teste\glfw_viewports\helloglfw\shapes.cpp(1087): warning C4244: 'argumento': conversão de 'double' para 'GLfloat', possível perda de dados
c:\users\perei\desktop\teste\glfw_viewports\helloglfw\shapes.cpp(1090): warning C4244: 'argumento': conversão de 'double' para 'GLfloat', possível perda de dados
c:\users\perei\desktop\teste\glfw_viewports\helloglfw\shapes.cpp(1091): warning C4244: 'argumento': conversão de 'double' para 'GLfloat', possível perda de dados
c:\users\perei\desktop\teste\glfw_viewports\helloglfw\shapes.cpp(1094): warning C4244: 'argumento': conversão de 'double' para 'GLfloat', possível perda de dados
c:\users\perei\desktop\teste\glfw_viewports\helloglfw\shapes.cpp(1095): warning C4244: 'argumento': conversão de 'double' para 'GLfloat', possível perda de dados
c:\users\perei\desktop\teste\glfw_viewports\helloglfw\shapes.cpp(1098): warning C4244: 'argumento': conversão de 'double' para 'GLfloat', possível perda de dados
c:\users\perei\desktop\teste\glfw_viewports\helloglfw\shapes.cpp(1099): warning C4244: 'argumento': conversão de 'double' para 'GLfloat', possível perda de dados
c:\users\perei\desktop\teste\glfw_viewports\helloglfw\shapes.cpp(1108): warning C4244: 'inicializando': conversão de 'int' para 'float', possível perda de dados
c:\users\perei\desktop\teste\glfw_viewports\helloglfw\shapes.cpp(1109): warning C4244: 'inicializando': conversão de 'int' para 'float', possível perda de dados
c:\users\perei\desktop\teste\glfw_viewports\helloglfw\shapes.cpp(1110): warning C4244: 'inicializando': conversão de 'int' para 'float', possível perda de dados
c:\users\perei\desktop\teste\glfw_viewports\helloglfw\shapes.cpp(1115): warning C4244: 'inicializando': conversão de 'double' para 'float', possível perda de dados
c:\users\perei\desktop\teste\glfw_viewports\helloglfw\shapes.cpp(1185): warning C4305: 'argumento': truncamento de 'double' para 'GLfloat'
c:\users\perei\desktop\teste\glfw_viewports\helloglfw\shapes.cpp(1214): warning C4305: 'argumento': truncamento de 'double' para 'GLfloat'
c:\users\perei\desktop\teste\glfw_viewports\helloglfw\shapes.cpp(1263): warning C4305: 'argumento': truncamento de 'double' para 'GLfloat'
c:\users\perei\desktop\teste\glfw_viewports\helloglfw\shapes.cpp(1292): warning C4305: 'argumento': truncamento de 'double' para 'GLfloat'
c:\users\perei\desktop\teste\glfw_viewports\helloglfw\shapes.cpp(1302): warning C4305: 'argumento': truncamento de 'double' para 'GLfloat'
c:\users\perei\desktop\teste\glfw_viewports\helloglfw\shapes.cpp(1303): warning C4305: 'argumento': truncamento de 'double' para 'GLfloat'
c:\users\perei\desktop\teste\glfw_viewports\helloglfw\shapes.cpp(1304): warning C4305: 'argumento': truncamento de 'double' para 'GLfloat'
c:\users\perei\desktop\teste\glfw_viewports\helloglfw\shapes.cpp(1305): warning C4305: 'argumento': truncamento de 'double' para 'GLfloat'
c:\users\perei\desktop\teste\glfw_viewports\helloglfw\shapes.cpp(1330): warning C4101: 'b': variável local não referenciada
c:\users\perei\desktop\teste\glfw_viewports\helloglfw\shapes.cpp(1357): warning C4305: 'argumento': truncamento de 'double' para 'GLfloat'
c:\users\perei\desktop\teste\glfw_viewports\helloglfw\shapes.cpp(1366): warning C4305: 'argumento': truncamento de 'double' para 'GLfloat'
c:\users\perei\desktop\teste\glfw_viewports\helloglfw\shapes.cpp(1378): warning C4305: 'argumento': truncamento de 'double' para 'GLfloat'
c:\users\perei\desktop\teste\glfw_viewports\helloglfw\shapes.cpp(1379): warning C4305: 'argumento': truncamento de 'double' para 'GLfloat'
c:\users\perei\desktop\teste\glfw_viewports\helloglfw\shapes.cpp(1388): warning C4305: 'argumento': truncamento de 'double' para 'GLfloat'
c:\users\perei\desktop\teste\glfw_viewports\helloglfw\shapes.cpp(1390): warning C4305: 'argumento': truncamento de 'double' para 'GLfloat'
c:\users\perei\desktop\teste\glfw_viewports\helloglfw\shapes.cpp(1391): warning C4305: 'argumento': truncamento de 'double' para 'GLfloat'
c:\users\perei\desktop\teste\glfw_viewports\helloglfw\shapes.cpp(1395): warning C4305: 'argumento': truncamento de 'double' para 'GLfloat'
c:\users\perei\desktop\teste\glfw_viewports\helloglfw\shapes.cpp(1397): warning C4305: 'argumento': truncamento de 'double' para 'GLfloat'
c:\users\perei\desktop\teste\glfw_viewports\helloglfw\shapes.cpp(1398): warning C4305: 'argumento': truncamento de 'double' para 'GLfloat'
c:\users\perei\desktop\teste\glfw_viewports\helloglfw\shapes.cpp(1402): warning C4305: 'argumento': truncamento de 'double' para 'GLfloat'
c:\users\perei\desktop\teste\glfw_viewports\helloglfw\shapes.cpp(1403): warning C4305: 'argumento': truncamento de 'double' para 'GLfloat'
c:\users\perei\desktop\teste\glfw_viewports\helloglfw\shapes.cpp(1404): warning C4305: 'argumento': truncamento de 'double' para 'GLfloat'
c:\users\perei\desktop\teste\glfw_viewports\helloglfw\shapes.cpp(1405): warning C4305: 'argumento': truncamento de 'double' para 'GLfloat'
c:\users\perei\desktop\teste\glfw_viewports\helloglfw\shapes.cpp(1409): warning C4305: 'argumento': truncamento de 'double' para 'GLfloat'
c:\users\perei\desktop\teste\glfw_viewports\helloglfw\shapes.cpp(1410): warning C4305: 'argumento': truncamento de 'double' para 'GLfloat'
c:\users\perei\desktop\teste\glfw_viewports\helloglfw\shapes.cpp(1411): warning C4305: 'argumento': truncamento de 'double' para 'GLfloat'
c:\users\perei\desktop\teste\glfw_viewports\helloglfw\shapes.cpp(1412): warning C4305: 'argumento': truncamento de 'double' para 'GLfloat'
c:\users\perei\desktop\teste\glfw_viewports\helloglfw\shapes.cpp(1416): warning C4305: 'argumento': truncamento de 'double' para 'GLfloat'
c:\users\perei\desktop\teste\glfw_viewports\helloglfw\shapes.cpp(1417): warning C4305: 'argumento': truncamento de 'double' para 'GLfloat'
c:\users\perei\desktop\teste\glfw_viewports\helloglfw\shapes.cpp(1418): warning C4305: 'argumento': truncamento de 'double' para 'GLfloat'
c:\users\perei\desktop\teste\glfw_viewports\helloglfw\shapes.cpp(1419): warning C4305: 'argumento': truncamento de 'double' para 'GLfloat'
c:\users\perei\desktop\teste\glfw_viewports\helloglfw\shapes.cpp(1423): warning C4305: 'argumento': truncamento de 'double' para 'GLfloat'
c:\users\perei\desktop\teste\glfw_viewports\helloglfw\shapes.cpp(1424): warning C4305: 'argumento': truncamento de 'double' para 'GLfloat'
c:\users\perei\desktop\teste\glfw_viewports\helloglfw\shapes.cpp(1425): warning C4305: 'argumento': truncamento de 'double' para 'GLfloat'
c:\users\perei\desktop\teste\glfw_viewports\helloglfw\shapes.cpp(1431): warning C4305: 'argumento': truncamento de 'double' para 'GLfloat'
c:\users\perei\desktop\teste\glfw_viewports\helloglfw\shapes.cpp(1435): warning C4305: 'argumento': truncamento de 'double' para 'GLfloat'
c:\users\perei\desktop\teste\glfw_viewports\helloglfw\shapes.cpp(1440): warning C4305: 'argumento': truncamento de 'double' para 'GLfloat'
c:\users\perei\desktop\teste\glfw_viewports\helloglfw\shapes.cpp(1441): warning C4305: 'argumento': truncamento de 'double' para 'GLfloat'
c:\users\perei\desktop\teste\glfw_viewports\helloglfw\shapes.cpp(1442): warning C4305: 'argumento': truncamento de 'double' para 'GLfloat'
c:\users\perei\desktop\teste\glfw_viewports\helloglfw\shapes.cpp(1443): warning C4305: 'argumento': truncamento de 'double' para 'GLfloat'
c:\users\perei\desktop\teste\glfw_viewports\helloglfw\shapes.cpp(1447): warning C4305: 'argumento': truncamento de 'double' para 'GLfloat'
c:\users\perei\desktop\teste\glfw_viewports\helloglfw\shapes.cpp(1448): warning C4305: 'argumento': truncamento de 'double' para 'GLfloat'
c:\users\perei\desktop\teste\glfw_viewports\helloglfw\shapes.cpp(1449): warning C4305: 'argumento': truncamento de 'double' para 'GLfloat'
c:\users\perei\desktop\teste\glfw_viewports\helloglfw\shapes.cpp(1455): warning C4305: 'argumento': truncamento de 'double' para 'GLfloat'
c:\users\perei\desktop\teste\glfw_viewports\helloglfw\shapes.cpp(1459): warning C4305: 'argumento': truncamento de 'double' para 'GLfloat'
c:\users\perei\desktop\teste\glfw_viewports\helloglfw\shapes.cpp(1471): warning C4305: 'argumento': truncamento de 'double' para 'GLfloat'
c:\users\perei\desktop\teste\glfw_viewports\helloglfw\shapes.cpp(1490): warning C4305: 'argumento': truncamento de 'double' para 'GLfloat'
c:\users\perei\desktop\teste\glfw_viewports\helloglfw\shapes.cpp(1491): warning C4305: 'argumento': truncamento de 'double' para 'GLfloat'
c:\users\perei\desktop\teste\glfw_viewports\helloglfw\shapes.cpp(1500): warning C4305: 'argumento': truncamento de 'double' para 'GLfloat'
c:\users\perei\desktop\teste\glfw_viewports\helloglfw\shapes.cpp(1502): warning C4305: 'argumento': truncamento de 'double' para 'GLfloat'
c:\users\perei\desktop\teste\glfw_viewports\helloglfw\shapes.cpp(1503): warning C4305: 'argumento': truncamento de 'double' para 'GLfloat'
c:\users\perei\desktop\teste\glfw_viewports\helloglfw\shapes.cpp(1507): warning C4305: 'argumento': truncamento de 'double' para 'GLfloat'
c:\users\perei\desktop\teste\glfw_viewports\helloglfw\shapes.cpp(1508): warning C4305: 'argumento': truncamento de 'double' para 'GLfloat'
c:\users\perei\desktop\teste\glfw_viewports\helloglfw\shapes.cpp(1509): warning C4305: 'argumento': truncamento de 'double' para 'GLfloat'
c:\users\perei\desktop\teste\glfw_viewports\helloglfw\shapes.cpp(1510): warning C4305: 'argumento': truncamento de 'double' para 'GLfloat'
c:\users\perei\desktop\teste\glfw_viewports\helloglfw\shapes.cpp(1515): warning C4305: 'argumento': truncamento de 'double' para 'GLfloat'
c:\users\perei\desktop\teste\glfw_viewports\helloglfw\shapes.cpp(1516): warning C4305: 'argumento': truncamento de 'double' para 'GLfloat'
c:\users\perei\desktop\teste\glfw_viewports\helloglfw\shapes.cpp(1521): warning C4305: 'argumento': truncamento de 'double' para 'GLfloat'
c:\users\perei\desktop\teste\glfw_viewports\helloglfw\shapes.cpp(1522): warning C4305: 'argumento': truncamento de 'double' para 'GLfloat'
c:\users\perei\desktop\teste\glfw_viewports\helloglfw\shapes.cpp(1523): warning C4305: 'argumento': truncamento de 'double' para 'GLfloat'
c:\users\perei\desktop\teste\glfw_viewports\helloglfw\shapes.cpp(1524): warning C4305: 'argumento': truncamento de 'double' para 'GLfloat'
c:\users\perei\desktop\teste\glfw_viewports\helloglfw\shapes.cpp(1528): warning C4305: 'argumento': truncamento de 'double' para 'GLfloat'
c:\users\perei\desktop\teste\glfw_viewports\helloglfw\shapes.cpp(1529): warning C4305: 'argumento': truncamento de 'double' para 'GLfloat'
c:\users\perei\desktop\teste\glfw_viewports\helloglfw\shapes.cpp(1531): warning C4305: 'argumento': truncamento de 'double' para 'GLfloat'
c:\users\perei\desktop\teste\glfw_viewports\helloglfw\shapes.cpp(1532): warning C4305: 'argumento': truncamento de 'double' para 'GLfloat'
c:\users\perei\desktop\teste\glfw_viewports\helloglfw\shapes.cpp(1537): warning C4305: 'argumento': truncamento de 'double' para 'GLfloat'
c:\users\perei\desktop\teste\glfw_viewports\helloglfw\shapes.cpp(1539): warning C4305: 'argumento': truncamento de 'double' para 'GLfloat'
c:\users\perei\desktop\teste\glfw_viewports\helloglfw\shapes.cpp(1544): warning C4305: 'argumento': truncamento de 'double' para 'GLfloat'
c:\users\perei\desktop\teste\glfw_viewports\helloglfw\shapes.cpp(1546): warning C4305: 'argumento': truncamento de 'double' para 'GLfloat'
c:\users\perei\desktop\teste\glfw_viewports\helloglfw\shapes.cpp(1550): warning C4305: 'argumento': truncamento de 'double' para 'GLfloat'
c:\users\perei\desktop\teste\glfw_viewports\helloglfw\shapes.cpp(1552): warning C4305: 'argumento': truncamento de 'double' para 'GLfloat'
c:\users\perei\desktop\teste\glfw_viewports\helloglfw\shapes.cpp(1553): warning C4305: 'argumento': truncamento de 'double' para 'GLfloat'
c:\users\perei\desktop\teste\glfw_viewports\helloglfw\shapes.cpp(1557): warning C4305: 'argumento': truncamento de 'double' para 'GLfloat'
c:\users\perei\desktop\teste\glfw_viewports\helloglfw\shapes.cpp(1558): warning C4305: 'argumento': truncamento de 'double' para 'GLfloat'
c:\users\perei\desktop\teste\glfw_viewports\helloglfw\shapes.cpp(1559): warning C4305: 'argumento': truncamento de 'double' para 'GLfloat'
c:\users\perei\desktop\teste\glfw_viewports\helloglfw\shapes.cpp(1560): warning C4305: 'argumento': truncamento de 'double' para 'GLfloat'
c:\users\perei\desktop\teste\glfw_viewports\helloglfw\shapes.cpp(1565): warning C4305: 'argumento': truncamento de 'double' para 'GLfloat'
c:\users\perei\desktop\teste\glfw_viewports\helloglfw\shapes.cpp(1566): warning C4305: 'argumento': truncamento de 'double' para 'GLfloat'
c:\users\perei\desktop\teste\glfw_viewports\helloglfw\shapes.cpp(1571): warning C4305: 'argumento': truncamento de 'double' para 'GLfloat'
c:\users\perei\desktop\teste\glfw_viewports\helloglfw\shapes.cpp(1572): warning C4305: 'argumento': truncamento de 'double' para 'GLfloat'
c:\users\perei\desktop\teste\glfw_viewports\helloglfw\shapes.cpp(1573): warning C4305: 'argumento': truncamento de 'double' para 'GLfloat'
c:\users\perei\desktop\teste\glfw_viewports\helloglfw\shapes.cpp(1574): warning C4305: 'argumento': truncamento de 'double' para 'GLfloat'
c:\users\perei\desktop\teste\glfw_viewports\helloglfw\shapes.cpp(1578): warning C4305: 'argumento': truncamento de 'double' para 'GLfloat'
c:\users\perei\desktop\teste\glfw_viewports\helloglfw\shapes.cpp(1579): warning C4305: 'argumento': truncamento de 'double' para 'GLfloat'
c:\users\perei\desktop\teste\glfw_viewports\helloglfw\shapes.cpp(1581): warning C4305: 'argumento': truncamento de 'double' para 'GLfloat'
c:\users\perei\desktop\teste\glfw_viewports\helloglfw\shapes.cpp(1582): warning C4305: 'argumento': truncamento de 'double' para 'GLfloat'
c:\users\perei\desktop\teste\glfw_viewports\helloglfw\shapes.cpp(1587): warning C4305: 'argumento': truncamento de 'double' para 'GLfloat'
c:\users\perei\desktop\teste\glfw_viewports\helloglfw\shapes.cpp(1589): warning C4305: 'argumento': truncamento de 'double' para 'GLfloat'
c:\users\perei\desktop\teste\glfw_viewports\helloglfw\shapes.cpp(1594): warning C4305: 'argumento': truncamento de 'double' para 'GLfloat'
c:\users\perei\desktop\teste\glfw_viewports\helloglfw\shapes.cpp(1596): warning C4305: 'argumento': truncamento de 'double' para 'GLfloat'
c:\users\perei\desktop\teste\glfw_viewports\helloglfw\shapes.cpp(1599): warning C4305: 'argumento': truncamento de 'double' para 'float'
c:\users\perei\desktop\teste\glfw_viewports\helloglfw\shapes.cpp(1600): warning C4305: 'argumento': truncamento de 'double' para 'float'
c:\users\perei\desktop\teste\glfw_viewports\helloglfw\shapes.cpp(1608): warning C4305: 'argumento': truncamento de 'double' para 'GLfloat'
c:\users\perei\desktop\teste\glfw_viewports\helloglfw\shapes.cpp(1617): warning C4305: 'argumento': truncamento de 'double' para 'GLfloat'
c:\users\perei\desktop\teste\glfw_viewports\helloglfw\shapes.cpp(1629): warning C4305: 'argumento': truncamento de 'double' para 'GLfloat'
c:\users\perei\desktop\teste\glfw_viewports\helloglfw\shapes.cpp(1630): warning C4305: 'argumento': truncamento de 'double' para 'GLfloat'
c:\users\perei\desktop\teste\glfw_viewports\helloglfw\shapes.cpp(1639): warning C4305: 'argumento': truncamento de 'double' para 'GLfloat'
c:\users\perei\desktop\teste\glfw_viewports\helloglfw\shapes.cpp(1641): warning C4305: 'argumento': truncamento de 'double' para 'GLfloat'
c:\users\perei\desktop\teste\glfw_viewports\helloglfw\shapes.cpp(1642): warning C4305: 'argumento': truncamento de 'double' para 'GLfloat'
c:\users\perei\desktop\teste\glfw_viewports\helloglfw\shapes.cpp(1646): warning C4305: 'argumento': truncamento de 'double' para 'GLfloat'
c:\users\perei\desktop\teste\glfw_viewports\helloglfw\shapes.cpp(1648): warning C4305: 'argumento': truncamento de 'double' para 'GLfloat'
c:\users\perei\desktop\teste\glfw_viewports\helloglfw\shapes.cpp(1649): warning C4305: 'argumento': truncamento de 'double' para 'GLfloat'
c:\users\perei\desktop\teste\glfw_viewports\helloglfw\shapes.cpp(1653): warning C4305: 'argumento': truncamento de 'double' para 'GLfloat'
c:\users\perei\desktop\teste\glfw_viewports\helloglfw\shapes.cpp(1654): warning C4305: 'argumento': truncamento de 'double' para 'GLfloat'
c:\users\perei\desktop\teste\glfw_viewports\helloglfw\shapes.cpp(1655): warning C4305: 'argumento': truncamento de 'double' para 'GLfloat'
c:\users\perei\desktop\teste\glfw_viewports\helloglfw\shapes.cpp(1656): warning C4305: 'argumento': truncamento de 'double' para 'GLfloat'
c:\users\perei\desktop\teste\glfw_viewports\helloglfw\shapes.cpp(1660): warning C4305: 'argumento': truncamento de 'double' para 'GLfloat'
c:\users\perei\desktop\teste\glfw_viewports\helloglfw\shapes.cpp(1661): warning C4305: 'argumento': truncamento de 'double' para 'GLfloat'
c:\users\perei\desktop\teste\glfw_viewports\helloglfw\shapes.cpp(1662): warning C4305: 'argumento': truncamento de 'double' para 'GLfloat'
c:\users\perei\desktop\teste\glfw_viewports\helloglfw\shapes.cpp(1663): warning C4305: 'argumento': truncamento de 'double' para 'GLfloat'
c:\users\perei\desktop\teste\glfw_viewports\helloglfw\shapes.cpp(1666): warning C4305: 'argumento': truncamento de 'double' para 'GLfloat'
c:\users\perei\desktop\teste\glfw_viewports\helloglfw\shapes.cpp(1667): warning C4305: 'argumento': truncamento de 'double' para 'GLfloat'
c:\users\perei\desktop\teste\glfw_viewports\helloglfw\shapes.cpp(1671): warning C4305: 'argumento': truncamento de 'double' para 'GLfloat'
c:\users\perei\desktop\teste\glfw_viewports\helloglfw\shapes.cpp(1672): warning C4305: 'argumento': truncamento de 'double' para 'GLfloat'
c:\users\perei\desktop\teste\glfw_viewports\helloglfw\shapes.cpp(1683): warning C4305: 'argumento': truncamento de 'double' para 'GLfloat'
c:\users\perei\desktop\teste\glfw_viewports\helloglfw\shapes.cpp(1684): warning C4305: 'argumento': truncamento de 'double' para 'GLfloat'
c:\users\perei\desktop\teste\glfw_viewports\helloglfw\shapes.cpp(1688): warning C4305: 'argumento': truncamento de 'double' para 'GLfloat'
c:\users\perei\desktop\teste\glfw_viewports\helloglfw\shapes.cpp(1689): warning C4305: 'argumento': truncamento de 'double' para 'GLfloat'
c:\users\perei\desktop\teste\glfw_viewports\helloglfw\shapes.cpp(1690): warning C4305: 'argumento': truncamento de 'double' para 'GLfloat'
c:\users\perei\desktop\teste\glfw_viewports\helloglfw\shapes.cpp(1691): warning C4305: 'argumento': truncamento de 'double' para 'GLfloat'
c:\users\perei\desktop\teste\glfw_viewports\helloglfw\shapes.cpp(1696): warning C4305: 'argumento': truncamento de 'double' para 'GLfloat'
c:\users\perei\desktop\teste\glfw_viewports\helloglfw\shapes.cpp(1697): warning C4305: 'argumento': truncamento de 'double' para 'GLfloat'
c:\users\perei\desktop\teste\glfw_viewports\helloglfw\shapes.cpp(1698): warning C4305: 'argumento': truncamento de 'double' para 'GLfloat'
c:\users\perei\desktop\teste\glfw_viewports\helloglfw\shapes.cpp(1699): warning C4305: 'argumento': truncamento de 'double' para 'GLfloat'
c:\users\perei\desktop\teste\glfw_viewports\helloglfw\shapes.cpp(1704): warning C4305: 'argumento': truncamento de 'double' para 'GLfloat'
c:\users\perei\desktop\teste\glfw_viewports\helloglfw\shapes.cpp(1705): warning C4305: 'argumento': truncamento de 'double' para 'GLfloat'
c:\users\perei\desktop\teste\glfw_viewports\helloglfw\shapes.cpp(1706): warning C4305: 'argumento': truncamento de 'double' para 'GLfloat'
c:\users\perei\desktop\teste\glfw_viewports\helloglfw\shapes.cpp(1707): warning C4305: 'argumento': truncamento de 'double' para 'GLfloat'
c:\users\perei\desktop\teste\glfw_viewports\helloglfw\shapes.cpp(1712): warning C4305: 'argumento': truncamento de 'double' para 'GLfloat'
c:\users\perei\desktop\teste\glfw_viewports\helloglfw\shapes.cpp(1713): warning C4305: 'argumento': truncamento de 'double' para 'GLfloat'
c:\users\perei\desktop\teste\glfw_viewports\helloglfw\shapes.cpp(1714): warning C4305: 'argumento': truncamento de 'double' para 'GLfloat'
c:\users\perei\desktop\teste\glfw_viewports\helloglfw\shapes.cpp(1715): warning C4305: 'argumento': truncamento de 'double' para 'GLfloat'
c:\users\perei\desktop\teste\glfw_viewports\helloglfw\shapes.cpp(1720): warning C4305: 'argumento': truncamento de 'double' para 'GLfloat'
c:\users\perei\desktop\teste\glfw_viewports\helloglfw\shapes.cpp(1721): warning C4305: 'argumento': truncamento de 'double' para 'GLfloat'
c:\users\perei\desktop\teste\glfw_viewports\helloglfw\shapes.cpp(1722): warning C4305: 'argumento': truncamento de 'double' para 'GLfloat'
c:\users\perei\desktop\teste\glfw_viewports\helloglfw\shapes.cpp(1723): warning C4305: 'argumento': truncamento de 'double' para 'GLfloat'
  Source.cpp
c:\users\perei\desktop\teste\glfw_viewports\helloglfw\shapes.h(7): warning C4305: 'inicializando': truncamento de 'double' para 'float'
c:\users\perei\desktop\teste\glfw_viewports\helloglfw\source.cpp(170): warning C4305: 'argumento': truncamento de 'double' para 'GLfloat'
c:\users\perei\desktop\teste\glfw_viewports\helloglfw\source.cpp(181): warning C4244: 'argumento': conversão de 'time_t' para 'unsigned int', possível perda de dados
c:\users\perei\desktop\teste\glfw_viewports\helloglfw\source.cpp(206): warning C4101: 'ratio': variável local não referenciada
  Gerando Código...
glfw3.lib(context.obj) : warning LNK4099: PDB 'glfw.pdb' não foi encontrado 'glfw3.lib(context.obj)' ou no 'C:\Users\perei\Desktop\Teste\GLFW_ViewPorts\Debug\glfw.pdb'; vinculando objeto quando quando sem nenhuma informação de depuração
glfw3.lib(init.obj) : warning LNK4099: PDB 'glfw.pdb' não foi encontrado 'glfw3.lib(init.obj)' ou no 'C:\Users\perei\Desktop\Teste\GLFW_ViewPorts\Debug\glfw.pdb'; vinculando objeto quando quando sem nenhuma informação de depuração
glfw3.lib(input.obj) : warning LNK4099: PDB 'glfw.pdb' não foi encontrado 'glfw3.lib(input.obj)' ou no 'C:\Users\perei\Desktop\Teste\GLFW_ViewPorts\Debug\glfw.pdb'; vinculando objeto quando quando sem nenhuma informação de depuração
glfw3.lib(monitor.obj) : warning LNK4099: PDB 'glfw.pdb' não foi encontrado 'glfw3.lib(monitor.obj)' ou no 'C:\Users\perei\Desktop\Teste\GLFW_ViewPorts\Debug\glfw.pdb'; vinculando objeto quando quando sem nenhuma informação de depuração
glfw3.lib(window.obj) : warning LNK4099: PDB 'glfw.pdb' não foi encontrado 'glfw3.lib(window.obj)' ou no 'C:\Users\perei\Desktop\Teste\GLFW_ViewPorts\Debug\glfw.pdb'; vinculando objeto quando quando sem nenhuma informação de depuração
glfw3.lib(win32_init.obj) : warning LNK4099: PDB 'glfw.pdb' não foi encontrado 'glfw3.lib(win32_init.obj)' ou no 'C:\Users\perei\Desktop\Teste\GLFW_ViewPorts\Debug\glfw.pdb'; vinculando objeto quando quando sem nenhuma informação de depuração
glfw3.lib(win32_monitor.obj) : warning LNK4099: PDB 'glfw.pdb' não foi encontrado 'glfw3.lib(win32_monitor.obj)' ou no 'C:\Users\perei\Desktop\Teste\GLFW_ViewPorts\Debug\glfw.pdb'; vinculando objeto quando quando sem nenhuma informação de depuração
glfw3.lib(win32_time.obj) : warning LNK4099: PDB 'glfw.pdb' não foi encontrado 'glfw3.lib(win32_time.obj)' ou no 'C:\Users\perei\Desktop\Teste\GLFW_ViewPorts\Debug\glfw.pdb'; vinculando objeto quando quando sem nenhuma informação de depuração
glfw3.lib(win32_tls.obj) : warning LNK4099: PDB 'glfw.pdb' não foi encontrado 'glfw3.lib(win32_tls.obj)' ou no 'C:\Users\perei\Desktop\Teste\GLFW_ViewPorts\Debug\glfw.pdb'; vinculando objeto quando quando sem nenhuma informação de depuração
glfw3.lib(win32_window.obj) : warning LNK4099: PDB 'glfw.pdb' não foi encontrado 'glfw3.lib(win32_window.obj)' ou no 'C:\Users\perei\Desktop\Teste\GLFW_ViewPorts\Debug\glfw.pdb'; vinculando objeto quando quando sem nenhuma informação de depuração
glfw3.lib(winmm_joystick.obj) : warning LNK4099: PDB 'glfw.pdb' não foi encontrado 'glfw3.lib(winmm_joystick.obj)' ou no 'C:\Users\perei\Desktop\Teste\GLFW_ViewPorts\Debug\glfw.pdb'; vinculando objeto quando quando sem nenhuma informação de depuração
glfw3.lib(wgl_context.obj) : warning LNK4099: PDB 'glfw.pdb' não foi encontrado 'glfw3.lib(wgl_context.obj)' ou no 'C:\Users\perei\Desktop\Teste\GLFW_ViewPorts\Debug\glfw.pdb'; vinculando objeto quando quando sem nenhuma informação de depuração
  HelloGLFW.vcxproj -> C:\Users\perei\Desktop\Teste\GLFW_ViewPorts\Debug\HelloGLFW.exe
